<?xml version="1.0" encoding="UTF-8"?>
<robot generator="Robot 4.0 (Python 3.9.0 on darwin)" generated="20211118 05:59:24.614" rpa="false" schemaversion="2">
<suite id="s1" name="Agent Web" source="/Users/nathakrit/Documents/pay9/testcases/web/agent_web.robot">
<test id="s1-t1" name="Agent create quotation using default expire date and send to user via email">
<kw name="Run Keywords" library="BuiltIn" type="SETUP">
<arg>Open agent browser</arg>
<doc>Executes all the given keywords in a sequence.</doc>
<kw name="Open agent browser" library="keywords_agent_web">
<kw name="Open Browser" library="SeleniumLibrary">
<arg>${pay9-agent-dev}</arg>
<arg>chrome</arg>
<doc>Opens a new browser instance to the optional ``url``.</doc>
<msg timestamp="20211118 05:59:25.203" level="INFO">Opening browser 'chrome' to base url 'https://agent-dev.pay9.co'.</msg>
<kw name="Capture Page Screenshot" library="SeleniumLibrary">
<doc>Takes a screenshot of the current page and embeds it into a log file.</doc>
<msg timestamp="20211118 05:59:28.202" level="INFO">Cannot capture screenshot because no browser is open.</msg>
<status status="PASS" starttime="20211118 05:59:28.201" endtime="20211118 05:59:28.202"/>
</kw>
<msg timestamp="20211118 05:59:28.209" level="FAIL">SessionNotCreatedException: Message: session not created: This version of ChromeDriver only supports Chrome version 94
Current browser version is 96.0.4664.45 with binary path /Applications/Google Chrome.app/Contents/MacOS/Google Chrome
Stacktrace:
0   chromedriver                        0x0000000106bea5e9 chromedriver + 2749929
1   chromedriver                        0x00000001072a15c3 chromedriver + 9790915
2   chromedriver                        0x0000000106975828 chromedriver + 174120
3   chromedriver                        0x000000010699ba8a chromedriver + 330378
4   chromedriver                        0x00000001069976da chromedriver + 313050
5   chromedriver                        0x0000000106993de6 chromedriver + 298470
6   chromedriver                        0x00000001069cd233 chromedriver + 533043
7   chromedriver                        0x00000001069c7433 chromedriver + 508979
8   chromedriver                        0x000000010699dd6e chromedriver + 339310
9   chromedriver                        0x000000010699f095 chromedriver + 344213
10  chromedriver                        0x0000000106bb13bf chromedriver + 2515903
11  chromedriver                        0x0000000106bc3f2f chromedriver + 2592559
12  chromedriver                        0x0000000106b95bdf chromedriver + 2403295
13  chromedriver                        0x0000000106bc52da chromedriver + 2597594
14  chromedriver                        0x0000000106ba6bcc chromedriver + 2472908
15  chromedriver                        0x0000000106bde988 chromedriver + 2701704
16  chromedriver                        0x0000000106bdeb11 chromedriver + 2702097
17  chromedriver                        0x0000000106bef5e8 chromedriver + 2770408
18  libsystem_pthread.dylib             0x00007fff204e28fc _pthread_start + 224
19  libsystem_pthread.dylib             0x00007fff204de443 thread_start + 15
</msg>
<status status="FAIL" starttime="20211118 05:59:25.203" endtime="20211118 05:59:28.209"/>
</kw>
<status status="FAIL" starttime="20211118 05:59:25.202" endtime="20211118 05:59:28.210"/>
</kw>
<status status="FAIL" starttime="20211118 05:59:25.201" endtime="20211118 05:59:28.210"/>
</kw>
<kw name="Run Keywords" library="BuiltIn" type="TEARDOWN">
<arg>SeleniumLibrary.Close Browser</arg>
<doc>Executes all the given keywords in a sequence.</doc>
<kw name="Close Browser" library="SeleniumLibrary">
<doc>Closes the current browser.</doc>
<status status="PASS" starttime="20211118 05:59:28.210" endtime="20211118 05:59:28.211"/>
</kw>
<status status="PASS" starttime="20211118 05:59:28.210" endtime="20211118 05:59:28.211"/>
</kw>
<tag>quotation</tag>
<status status="FAIL" starttime="20211118 05:59:25.200" endtime="20211118 05:59:28.211">Setup failed:
SessionNotCreatedException: Message: session not created: This version of ChromeDriver only supports Chrome version 94
Current browser version is 96.0.4664.45 with binary path /Applications/Google Chrome.app/Contents/MacOS/Google Chrome
Stacktrace:
0   chromedriver                        0x0000000106bea5e9 chromedriver + 2749929
1   chromedriver                        0x00000001072a15c3 chromedriver + 9790915
2   chromedriver                        0x0000000106975828 chromedriver + 174120
3   chromedriver                        0x000000010699ba8a chromedriver + 330378
4   chromedriver                        0x00000001069976da chromedriver + 313050
5   chromedriver                        0x0000000106993de6 chromedriver + 298470
6   chromedriver                        0x00000001069cd233 chromedriver + 533043
7   chromedriver                        0x00000001069c7433 chromedriver + 5...
    [ Message content over the limit has been removed. ]
...hromedriver                        0x000000010699f095 chromedriver + 344213
10  chromedriver                        0x0000000106bb13bf chromedriver + 2515903
11  chromedriver                        0x0000000106bc3f2f chromedriver + 2592559
12  chromedriver                        0x0000000106b95bdf chromedriver + 2403295
13  chromedriver                        0x0000000106bc52da chromedriver + 2597594
14  chromedriver                        0x0000000106ba6bcc chromedriver + 2472908
15  chromedriver                        0x0000000106bde988 chromedriver + 2701704
16  chromedriver                        0x0000000106bdeb11 chromedriver + 2702097
17  chromedriver                        0x0000000106bef5e8 chromedriver + 2770408
18  libsystem_pthread.dylib             0x00007fff204e28fc _pthread_start + 224
19  libsystem_pthread.dylib             0x00007fff204de443 thread_start + 15</status>
</test>
<test id="s1-t2" name="Agent create quotation select expire date and send to user via email">
<kw name="Run Keywords" library="BuiltIn" type="SETUP">
<arg>Open agent browser</arg>
<doc>Executes all the given keywords in a sequence.</doc>
<kw name="Open agent browser" library="keywords_agent_web">
<kw name="Open Browser" library="SeleniumLibrary">
<arg>${pay9-agent-dev}</arg>
<arg>chrome</arg>
<doc>Opens a new browser instance to the optional ``url``.</doc>
<msg timestamp="20211118 05:59:28.213" level="INFO">Opening browser 'chrome' to base url 'https://agent-dev.pay9.co'.</msg>
<kw name="Capture Page Screenshot" library="SeleniumLibrary">
<doc>Takes a screenshot of the current page and embeds it into a log file.</doc>
<msg timestamp="20211118 05:59:30.797" level="INFO">Cannot capture screenshot because no browser is open.</msg>
<status status="PASS" starttime="20211118 05:59:30.797" endtime="20211118 05:59:30.797"/>
</kw>
<msg timestamp="20211118 05:59:30.798" level="FAIL">SessionNotCreatedException: Message: session not created: This version of ChromeDriver only supports Chrome version 94
Current browser version is 96.0.4664.45 with binary path /Applications/Google Chrome.app/Contents/MacOS/Google Chrome
Stacktrace:
0   chromedriver                        0x000000010f2045e9 chromedriver + 2749929
1   chromedriver                        0x000000010f8bb5c3 chromedriver + 9790915
2   chromedriver                        0x000000010ef8f828 chromedriver + 174120
3   chromedriver                        0x000000010efb5a8a chromedriver + 330378
4   chromedriver                        0x000000010efb16da chromedriver + 313050
5   chromedriver                        0x000000010efadde6 chromedriver + 298470
6   chromedriver                        0x000000010efe7233 chromedriver + 533043
7   chromedriver                        0x000000010efe1433 chromedriver + 508979
8   chromedriver                        0x000000010efb7d6e chromedriver + 339310
9   chromedriver                        0x000000010efb9095 chromedriver + 344213
10  chromedriver                        0x000000010f1cb3bf chromedriver + 2515903
11  chromedriver                        0x000000010f1ddf2f chromedriver + 2592559
12  chromedriver                        0x000000010f1afbdf chromedriver + 2403295
13  chromedriver                        0x000000010f1df2da chromedriver + 2597594
14  chromedriver                        0x000000010f1c0bcc chromedriver + 2472908
15  chromedriver                        0x000000010f1f8988 chromedriver + 2701704
16  chromedriver                        0x000000010f1f8b11 chromedriver + 2702097
17  chromedriver                        0x000000010f2095e8 chromedriver + 2770408
18  libsystem_pthread.dylib             0x00007fff204e28fc _pthread_start + 224
19  libsystem_pthread.dylib             0x00007fff204de443 thread_start + 15
</msg>
<status status="FAIL" starttime="20211118 05:59:28.213" endtime="20211118 05:59:30.798"/>
</kw>
<status status="FAIL" starttime="20211118 05:59:28.213" endtime="20211118 05:59:30.799"/>
</kw>
<status status="FAIL" starttime="20211118 05:59:28.212" endtime="20211118 05:59:30.799"/>
</kw>
<kw name="Run Keywords" library="BuiltIn" type="TEARDOWN">
<arg>SeleniumLibrary.Close Browser</arg>
<doc>Executes all the given keywords in a sequence.</doc>
<kw name="Close Browser" library="SeleniumLibrary">
<doc>Closes the current browser.</doc>
<status status="PASS" starttime="20211118 05:59:30.800" endtime="20211118 05:59:30.800"/>
</kw>
<status status="PASS" starttime="20211118 05:59:30.799" endtime="20211118 05:59:30.800"/>
</kw>
<tag>quotation2</tag>
<status status="FAIL" starttime="20211118 05:59:28.212" endtime="20211118 05:59:30.800">Setup failed:
SessionNotCreatedException: Message: session not created: This version of ChromeDriver only supports Chrome version 94
Current browser version is 96.0.4664.45 with binary path /Applications/Google Chrome.app/Contents/MacOS/Google Chrome
Stacktrace:
0   chromedriver                        0x000000010f2045e9 chromedriver + 2749929
1   chromedriver                        0x000000010f8bb5c3 chromedriver + 9790915
2   chromedriver                        0x000000010ef8f828 chromedriver + 174120
3   chromedriver                        0x000000010efb5a8a chromedriver + 330378
4   chromedriver                        0x000000010efb16da chromedriver + 313050
5   chromedriver                        0x000000010efadde6 chromedriver + 298470
6   chromedriver                        0x000000010efe7233 chromedriver + 533043
7   chromedriver                        0x000000010efe1433 chromedriver + 5...
    [ Message content over the limit has been removed. ]
...hromedriver                        0x000000010efb9095 chromedriver + 344213
10  chromedriver                        0x000000010f1cb3bf chromedriver + 2515903
11  chromedriver                        0x000000010f1ddf2f chromedriver + 2592559
12  chromedriver                        0x000000010f1afbdf chromedriver + 2403295
13  chromedriver                        0x000000010f1df2da chromedriver + 2597594
14  chromedriver                        0x000000010f1c0bcc chromedriver + 2472908
15  chromedriver                        0x000000010f1f8988 chromedriver + 2701704
16  chromedriver                        0x000000010f1f8b11 chromedriver + 2702097
17  chromedriver                        0x000000010f2095e8 chromedriver + 2770408
18  libsystem_pthread.dylib             0x00007fff204e28fc _pthread_start + 224
19  libsystem_pthread.dylib             0x00007fff204de443 thread_start + 15</status>
</test>
<status status="FAIL" starttime="20211118 05:59:24.615" endtime="20211118 05:59:30.802"/>
</suite>
<statistics>
<total>
<stat pass="0" fail="2" skip="0">All Tests</stat>
</total>
<tag>
<stat pass="0" fail="1" skip="0">quotation</stat>
<stat pass="0" fail="1" skip="0">quotation2</stat>
</tag>
<suite>
<stat pass="0" fail="2" skip="0" id="s1" name="Agent Web">Agent Web</stat>
</suite>
</statistics>
<errors>
<msg timestamp="20211118 05:59:24.930" level="ERROR">Error in file '/Users/nathakrit/Documents/pay9/common.robot' on line 4: Importing library 'HttpLibrary.HTTP' failed: Module 'HttpLibrary' does not contain 'HTTP'.</msg>
<msg timestamp="20211118 05:59:25.189" level="ERROR">Error in file '/Users/nathakrit/Documents/pay9/keywords/web/keywords_agent_web.robot' on line 3: Importing library 'ExtendedSelenium2Library' failed: ModuleNotFoundError: No module named 'ExtendedSelenium2Library'
Traceback (most recent call last):
  None
PYTHONPATH:
  /Users/nathakrit/Documents/pay9/testcases/web
  /Library/Frameworks/Python.framework/Versions/3.9/lib/python39.zip
  /Library/Frameworks/Python.framework/Versions/3.9/lib/python3.9
  /Library/Frameworks/Python.framework/Versions/3.9/lib/python3.9/lib-dynload
  /Users/nathakrit/Documents/pay9/env/lib/python3.9/site-packages</msg>
<msg timestamp="20211118 05:59:25.198" level="ERROR">Error in file '/Users/nathakrit/Documents/pay9/resources/variables/web_import.robot' on line 2: Importing library 'Selenium2Library' failed: ModuleNotFoundError: No module named 'Selenium2Library'
Traceback (most recent call last):
  None
PYTHONPATH:
  /Users/nathakrit/Documents/pay9/testcases/web
  /Library/Frameworks/Python.framework/Versions/3.9/lib/python39.zip
  /Library/Frameworks/Python.framework/Versions/3.9/lib/python3.9
  /Library/Frameworks/Python.framework/Versions/3.9/lib/python3.9/lib-dynload
  /Users/nathakrit/Documents/pay9/env/lib/python3.9/site-packages</msg>
<msg timestamp="20211118 05:59:25.198" level="ERROR">Error in file '/Users/nathakrit/Documents/pay9/common.robot' on line 18: Resource file '/Users/nathakrit/Documents/pay9/resources/variables/test_configs.yaml' does not exist.</msg>
</errors>
</robot>
